<?xml version="1.0" encoding="UTF-8"?>
<testsuite xmlns:xsi="http://www.w3.org/2001/XMLSchema-instance" xsi:noNamespaceSchemaLocation="https://maven.apache.org/surefire/maven-surefire-plugin/xsd/surefire-test-report.xsd" name="TestSuite" time="4.169" tests="21" errors="0" skipped="0" failures="6">
  <properties>
    <property name="sun.desktop" value="windows"/>
    <property name="awt.toolkit" value="sun.awt.windows.WToolkit"/>
    <property name="file.encoding.pkg" value="sun.io"/>
    <property name="java.specification.version" value="1.8"/>
    <property name="sun.cpu.isalist" value="amd64"/>
    <property name="sun.jnu.encoding" value="Cp1251"/>
    <property name="java.class.path" value="C:\Users\DELL\Desktop\Учеба\WEB\project\target\test-classes;C:\Users\DELL\Desktop\Учеба\WEB\project\target\classes;C:\Users\DELL\.m2\repository\org\apache\logging\log4j\log4j-web\2.12.1\log4j-web-2.12.1.jar;C:\Users\DELL\.m2\repository\javax\servlet\javax.servlet-api\3.1.0\javax.servlet-api-3.1.0.jar;C:\Users\DELL\.m2\repository\org\apache\logging\log4j\log4j-api\2.12.1\log4j-api-2.12.1.jar;C:\Users\DELL\.m2\repository\org\apache\logging\log4j\log4j-core\2.12.1\log4j-core-2.12.1.jar;C:\Users\DELL\.m2\repository\javax\javaee-api\8.0\javaee-api-8.0.jar;C:\Users\DELL\.m2\repository\com\sun\mail\javax.mail\1.6.0\javax.mail-1.6.0.jar;C:\Users\DELL\.m2\repository\javax\activation\activation\1.1\activation-1.1.jar;C:\Users\DELL\.m2\repository\javax\javaee-web-api\8.0\javaee-web-api-8.0.jar;C:\Users\DELL\.m2\repository\javax\servlet\jsp\javax.servlet.jsp-api\2.3.1\javax.servlet.jsp-api-2.3.1.jar;C:\Users\DELL\.m2\repository\org\apache\tomcat\tomcat-jdbc\9.0.31\tomcat-jdbc-9.0.31.jar;C:\Users\DELL\.m2\repository\org\apache\tomcat\tomcat-juli\9.0.31\tomcat-juli-9.0.31.jar;C:\Users\DELL\.m2\repository\org\testng\testng\6.10\testng-6.10.jar;C:\Users\DELL\.m2\repository\com\beust\jcommander\1.48\jcommander-1.48.jar;C:\Users\DELL\.m2\repository\org\mindrot\jbcrypt\0.4\jbcrypt-0.4.jar;C:\Users\DELL\.m2\repository\mysql\mysql-connector-java\8.0.19\mysql-connector-java-8.0.19.jar;C:\Users\DELL\.m2\repository\com\google\protobuf\protobuf-java\3.6.1\protobuf-java-3.6.1.jar;C:\Users\DELL\.m2\repository\javax\servlet\jstl\1.2\jstl-1.2.jar;C:\Users\DELL\.m2\repository\org\apache\taglibs\taglibs-standard-spec\1.2.5\taglibs-standard-spec-1.2.5.jar;C:\Users\DELL\.m2\repository\org\apache\taglibs\taglibs-standard-impl\1.2.5\taglibs-standard-impl-1.2.5.jar;C:\Users\DELL\.m2\repository\javax\mail\javax.mail-api\1.6.0\javax.mail-api-1.6.0.jar;C:\Users\DELL\.m2\repository\junit\junit\4.11\junit-4.11.jar;C:\Users\DELL\.m2\repository\org\hamcrest\hamcrest-core\1.3\hamcrest-core-1.3.jar;"/>
    <property name="java.vm.vendor" value="Oracle Corporation"/>
    <property name="sun.arch.data.model" value="64"/>
    <property name="user.variant" value=""/>
    <property name="java.vendor.url" value="http://java.oracle.com/"/>
    <property name="user.timezone" value="Europe/Moscow"/>
    <property name="user.country.format" value="BY"/>
    <property name="java.vm.specification.version" value="1.8"/>
    <property name="os.name" value="Windows 10"/>
    <property name="user.country" value="RU"/>
    <property name="sun.java.launcher" value="SUN_STANDARD"/>
    <property name="sun.boot.library.path" value="C:\Program Files\Java\jdk1.8.0_241\jre\bin"/>
    <property name="sun.java.command" value="C:\Users\DELL\AppData\Local\Temp\surefire8709913388358342989\surefirebooter8355719379048359948.jar C:\Users\DELL\AppData\Local\Temp\surefire8709913388358342989 2020-02-17T18-08-54_627-jvmRun1 surefire2812080925012126097tmp surefire_06886498077425459098tmp"/>
    <property name="surefire.test.class.path" value="C:\Users\DELL\Desktop\Учеба\WEB\project\target\test-classes;C:\Users\DELL\Desktop\Учеба\WEB\project\target\classes;C:\Users\DELL\.m2\repository\org\apache\logging\log4j\log4j-web\2.12.1\log4j-web-2.12.1.jar;C:\Users\DELL\.m2\repository\javax\servlet\javax.servlet-api\3.1.0\javax.servlet-api-3.1.0.jar;C:\Users\DELL\.m2\repository\org\apache\logging\log4j\log4j-api\2.12.1\log4j-api-2.12.1.jar;C:\Users\DELL\.m2\repository\org\apache\logging\log4j\log4j-core\2.12.1\log4j-core-2.12.1.jar;C:\Users\DELL\.m2\repository\javax\javaee-api\8.0\javaee-api-8.0.jar;C:\Users\DELL\.m2\repository\com\sun\mail\javax.mail\1.6.0\javax.mail-1.6.0.jar;C:\Users\DELL\.m2\repository\javax\activation\activation\1.1\activation-1.1.jar;C:\Users\DELL\.m2\repository\javax\javaee-web-api\8.0\javaee-web-api-8.0.jar;C:\Users\DELL\.m2\repository\javax\servlet\jsp\javax.servlet.jsp-api\2.3.1\javax.servlet.jsp-api-2.3.1.jar;C:\Users\DELL\.m2\repository\org\apache\tomcat\tomcat-jdbc\9.0.31\tomcat-jdbc-9.0.31.jar;C:\Users\DELL\.m2\repository\org\apache\tomcat\tomcat-juli\9.0.31\tomcat-juli-9.0.31.jar;C:\Users\DELL\.m2\repository\org\testng\testng\6.10\testng-6.10.jar;C:\Users\DELL\.m2\repository\com\beust\jcommander\1.48\jcommander-1.48.jar;C:\Users\DELL\.m2\repository\org\mindrot\jbcrypt\0.4\jbcrypt-0.4.jar;C:\Users\DELL\.m2\repository\mysql\mysql-connector-java\8.0.19\mysql-connector-java-8.0.19.jar;C:\Users\DELL\.m2\repository\com\google\protobuf\protobuf-java\3.6.1\protobuf-java-3.6.1.jar;C:\Users\DELL\.m2\repository\javax\servlet\jstl\1.2\jstl-1.2.jar;C:\Users\DELL\.m2\repository\org\apache\taglibs\taglibs-standard-spec\1.2.5\taglibs-standard-spec-1.2.5.jar;C:\Users\DELL\.m2\repository\org\apache\taglibs\taglibs-standard-impl\1.2.5\taglibs-standard-impl-1.2.5.jar;C:\Users\DELL\.m2\repository\javax\mail\javax.mail-api\1.6.0\javax.mail-api-1.6.0.jar;C:\Users\DELL\.m2\repository\junit\junit\4.11\junit-4.11.jar;C:\Users\DELL\.m2\repository\org\hamcrest\hamcrest-core\1.3\hamcrest-core-1.3.jar;"/>
    <property name="sun.cpu.endian" value="little"/>
    <property name="user.home" value="C:\Users\DELL"/>
    <property name="user.language" value="ru"/>
    <property name="java.specification.vendor" value="Oracle Corporation"/>
    <property name="java.home" value="C:\Program Files\Java\jdk1.8.0_241\jre"/>
    <property name="basedir" value="C:\Users\DELL\Desktop\Учеба\WEB\project"/>
    <property name="file.separator" value="\"/>
    <property name="line.separator" value="&#10;"/>
    <property name="java.vm.specification.vendor" value="Oracle Corporation"/>
    <property name="java.specification.name" value="Java Platform API Specification"/>
    <property name="java.awt.graphicsenv" value="sun.awt.Win32GraphicsEnvironment"/>
    <property name="surefire.real.class.path" value="C:\Users\DELL\AppData\Local\Temp\surefire8709913388358342989\surefirebooter8355719379048359948.jar"/>
    <property name="sun.boot.class.path" value="C:\Program Files\Java\jdk1.8.0_241\jre\lib\resources.jar;C:\Program Files\Java\jdk1.8.0_241\jre\lib\rt.jar;C:\Program Files\Java\jdk1.8.0_241\jre\lib\sunrsasign.jar;C:\Program Files\Java\jdk1.8.0_241\jre\lib\jsse.jar;C:\Program Files\Java\jdk1.8.0_241\jre\lib\jce.jar;C:\Program Files\Java\jdk1.8.0_241\jre\lib\charsets.jar;C:\Program Files\Java\jdk1.8.0_241\jre\lib\jfr.jar;C:\Program Files\Java\jdk1.8.0_241\jre\classes"/>
    <property name="user.script" value=""/>
    <property name="sun.management.compiler" value="HotSpot 64-Bit Tiered Compilers"/>
    <property name="java.runtime.version" value="1.8.0_241-b07"/>
    <property name="user.name" value="DELL"/>
    <property name="path.separator" value=";"/>
    <property name="os.version" value="10.0"/>
    <property name="java.endorsed.dirs" value="C:\Program Files\Java\jdk1.8.0_241\jre\lib\endorsed"/>
    <property name="java.runtime.name" value="Java(TM) SE Runtime Environment"/>
    <property name="file.encoding" value="Cp1251"/>
    <property name="java.vm.name" value="Java HotSpot(TM) 64-Bit Server VM"/>
    <property name="localRepository" value="C:\Users\DELL\.m2\repository"/>
    <property name="java.vendor.url.bug" value="http://bugreport.sun.com/bugreport/"/>
    <property name="java.io.tmpdir" value="C:\Users\DELL\AppData\Local\Temp\"/>
    <property name="java.version" value="1.8.0_241"/>
    <property name="user.dir" value="C:\Users\DELL\Desktop\Учеба\WEB\project"/>
    <property name="os.arch" value="amd64"/>
    <property name="java.vm.specification.name" value="Java Virtual Machine Specification"/>
    <property name="java.awt.printerjob" value="sun.awt.windows.WPrinterJob"/>
    <property name="sun.os.patch.level" value=""/>
    <property name="idea.version2019.3.3" value="true"/>
    <property name="java.library.path" value="C:\Program Files\Java\jdk1.8.0_241\jre\bin;C:\Windows\Sun\Java\bin;C:\Windows\system32;C:\Windows;C:\Program Files (x86)\Common Files\Oracle\Java\javapath;C:\Windows\system32;C:\Windows;C:\Windows\System32\Wbem;C:\Windows\System32\WindowsPowerShell\v1.0\;C:\Windows\System32\OpenSSH\;C:\Program Files (x86)\Intel\Intel(R) Management Engine Components\DAL;C:\Program Files\Intel\Intel(R) Management Engine Components\DAL;C:\Program Files\MySQL\MySQL Shell 8.0\bin\;C:\Users\DELL\AppData\Local\Microsoft\WindowsApps;C:\Program Files\Java\jdk1.8.0_241\bin;C:\Act\apache-maven-3.6.3\bin;."/>
    <property name="java.vm.info" value="mixed mode"/>
    <property name="java.vendor" value="Oracle Corporation"/>
    <property name="java.vm.version" value="25.241-b07"/>
    <property name="java.ext.dirs" value="C:\Program Files\Java\jdk1.8.0_241\jre\lib\ext;C:\Windows\Sun\Java\lib\ext"/>
    <property name="sun.io.unicode.encoding" value="UnicodeLittle"/>
    <property name="java.class.version" value="52.0"/>
  </properties>
  <testcase name="testCheckPoolSize" classname="by.epam.project.connection.ConnectionPoolTest" time="0.003"/>
  <testcase name="testServiceFindOrderById" classname="by.epam.project.service.OrderServiceTest" time="0.055">
    <failure message="by.epam.project.exception.DaoException: java.sql.SQLSyntaxErrorException: You have an error in your SQL syntax; check the manual that corresponds to your MySQL server version for the right syntax to use near &apos;order WHERE order_id=1&apos; at line 1" type="by.epam.project.exception.ServiceException">by.epam.project.exception.ServiceException: by.epam.project.exception.DaoException: java.sql.SQLSyntaxErrorException: You have an error in your SQL syntax; check the manual that corresponds to your MySQL server version for the right syntax to use near 'order WHERE order_id=1' at line 1
	at by.epam.project.service.OrderServiceTest.testServiceFindOrderById(OrderServiceTest.java:27)
Caused by: by.epam.project.exception.DaoException: java.sql.SQLSyntaxErrorException: You have an error in your SQL syntax; check the manual that corresponds to your MySQL server version for the right syntax to use near 'order WHERE order_id=1' at line 1
	at by.epam.project.service.OrderServiceTest.testServiceFindOrderById(OrderServiceTest.java:27)
Caused by: java.sql.SQLSyntaxErrorException: You have an error in your SQL syntax; check the manual that corresponds to your MySQL server version for the right syntax to use near 'order WHERE order_id=1' at line 1
	at by.epam.project.service.OrderServiceTest.testServiceFindOrderById(OrderServiceTest.java:27)
</failure>
    <system-out><![CDATA[[DEBUG] 09:00.541 [main] by.epam.project.connection.ConnectionPool 117 - Available connections = 32
[DEBUG] 09:00.542 [main] by.epam.project.connection.ConnectionPool 118 - Used connections = 0
[DEBUG] 09:00.542 [main] by.epam.project.connection.ConnectionPool 119 - MAX_POOL_SIZE = 32
]]></system-out>
  </testcase>
  <testcase name="validationPasswordTest" classname="by.epam.project.RegistrationTest" time="0"/>
  <testcase name="validationPasswordTest" classname="by.epam.project.RegistrationTest" time="0"/>
  <testcase name="validationPasswordTest" classname="by.epam.project.RegistrationTest" time="0"/>
  <testcase name="validationPasswordTest" classname="by.epam.project.RegistrationTest" time="0"/>
  <testcase name="validationUsernameTest" classname="by.epam.project.RegistrationTest" time="0.001"/>
  <testcase name="validationUsernameTest" classname="by.epam.project.RegistrationTest" time="0"/>
  <testcase name="validationUsernameTest" classname="by.epam.project.RegistrationTest" time="0"/>
  <testcase name="validationUsernameTest" classname="by.epam.project.RegistrationTest" time="0.001"/>
  <testcase name="testFindOrderById" classname="by.epam.project.service.TicketServiceTest" time="0.021">
    <failure message="by.epam.project.exception.DaoException: by.epam.project.exception.ServiceException: by.epam.project.exception.DaoException: java.sql.SQLSyntaxErrorException: You have an error in your SQL syntax; check the manual that corresponds to your MySQL server version for the right syntax to use near &apos;order WHERE order_id=1&apos; at line 1" type="by.epam.project.exception.ServiceException">by.epam.project.exception.ServiceException: by.epam.project.exception.DaoException: by.epam.project.exception.ServiceException: by.epam.project.exception.DaoException: java.sql.SQLSyntaxErrorException: You have an error in your SQL syntax; check the manual that corresponds to your MySQL server version for the right syntax to use near 'order WHERE order_id=1' at line 1
	at by.epam.project.service.TicketServiceTest.testFindOrderById(TicketServiceTest.java:27)
Caused by: by.epam.project.exception.DaoException: by.epam.project.exception.ServiceException: by.epam.project.exception.DaoException: java.sql.SQLSyntaxErrorException: You have an error in your SQL syntax; check the manual that corresponds to your MySQL server version for the right syntax to use near 'order WHERE order_id=1' at line 1
	at by.epam.project.service.TicketServiceTest.testFindOrderById(TicketServiceTest.java:27)
Caused by: by.epam.project.exception.ServiceException: by.epam.project.exception.DaoException: java.sql.SQLSyntaxErrorException: You have an error in your SQL syntax; check the manual that corresponds to your MySQL server version for the right syntax to use near 'order WHERE order_id=1' at line 1
	at by.epam.project.service.TicketServiceTest.testFindOrderById(TicketServiceTest.java:27)
Caused by: by.epam.project.exception.DaoException: java.sql.SQLSyntaxErrorException: You have an error in your SQL syntax; check the manual that corresponds to your MySQL server version for the right syntax to use near 'order WHERE order_id=1' at line 1
	at by.epam.project.service.TicketServiceTest.testFindOrderById(TicketServiceTest.java:27)
Caused by: java.sql.SQLSyntaxErrorException: You have an error in your SQL syntax; check the manual that corresponds to your MySQL server version for the right syntax to use near 'order WHERE order_id=1' at line 1
	at by.epam.project.service.TicketServiceTest.testFindOrderById(TicketServiceTest.java:27)
</failure>
    <system-out><![CDATA[[DEBUG] 09:00.573 [main] by.epam.project.connection.ConnectionPool 117 - Available connections = 31
[DEBUG] 09:00.574 [main] by.epam.project.connection.ConnectionPool 118 - Used connections = 1
[DEBUG] 09:00.574 [main] by.epam.project.connection.ConnectionPool 119 - MAX_POOL_SIZE = 32
[DEBUG] 09:00.574 [main] by.epam.project.connection.ConnectionPool 117 - Available connections = 32
[DEBUG] 09:00.576 [main] by.epam.project.connection.ConnectionPool 118 - Used connections = 0
[DEBUG] 09:00.576 [main] by.epam.project.connection.ConnectionPool 119 - MAX_POOL_SIZE = 32
]]></system-out>
  </testcase>
  <testcase name="testServiceFindEventById" classname="by.epam.project.service.EventServiceTest" time="0.02">
    <failure message="expected [1] but found [EventType {eventTypeId= 1, eventName= concert, eventAddress= Minsk, description=concert, imageURL=C:UsersDELLDesktopУчебаHTP14Finalyyy.png}]" type="java.lang.AssertionError">java.lang.AssertionError: expected [1] but found [EventType {eventTypeId= 1, eventName= concert, eventAddress= Minsk, description=concert, imageURL=C:UsersDELLDesktopУчебаHTP14Finalyyy.png}]
	at by.epam.project.service.EventServiceTest.testServiceFindEventById(EventServiceTest.java:28)
</failure>
    <system-out><![CDATA[[DEBUG] 09:00.591 [main] by.epam.project.connection.ConnectionPool 117 - Available connections = 31
[DEBUG] 09:00.591 [main] by.epam.project.connection.ConnectionPool 118 - Used connections = 1
[DEBUG] 09:00.591 [main] by.epam.project.connection.ConnectionPool 119 - MAX_POOL_SIZE = 32
[DEBUG] 09:00.596 [main] by.epam.project.connection.ConnectionPool 117 - Available connections = 32
[DEBUG] 09:00.597 [main] by.epam.project.connection.ConnectionPool 118 - Used connections = 0
[DEBUG] 09:00.597 [main] by.epam.project.connection.ConnectionPool 119 - MAX_POOL_SIZE = 32
]]></system-out>
  </testcase>
  <testcase name="testServiceFindUserCommentsById" classname="by.epam.project.service.UserCommentServiceTest" time="0.012"/>
  <testcase name="findByNameOrWordInName" classname="by.epam.project.service.EventTypeServiceTest" time="0.002">
    <failure message="by.epam.project.exception.DaoException: Error in the requesting to the database." type="by.epam.project.exception.ServiceException">by.epam.project.exception.ServiceException: by.epam.project.exception.DaoException: Error in the requesting to the database.
	at by.epam.project.service.EventTypeServiceTest.findByNameOrWordInName(EventTypeServiceTest.java:28)
Caused by: by.epam.project.exception.DaoException: Error in the requesting to the database.
	at by.epam.project.service.EventTypeServiceTest.findByNameOrWordInName(EventTypeServiceTest.java:28)
</failure>
  </testcase>
  <testcase name="findByUsernameAndPass" classname="by.epam.project.service.UserServiceTest" time="0.016"/>
  <testcase name="findByUsernameAndPass" classname="by.epam.project.service.UserServiceTest" time="0.004">
    <failure message="Index: 0, Size: 0" type="java.lang.IndexOutOfBoundsException">java.lang.IndexOutOfBoundsException: Index: 0, Size: 0
	at by.epam.project.service.UserServiceTest.findByUsernameAndPass(UserServiceTest.java:46)
</failure>
    <system-out><![CDATA[[DEBUG] 09:00.634 [main] by.epam.project.connection.ConnectionPool 117 - Available connections = 30
[DEBUG] 09:00.634 [main] by.epam.project.connection.ConnectionPool 118 - Used connections = 2
[DEBUG] 09:00.634 [main] by.epam.project.connection.ConnectionPool 119 - MAX_POOL_SIZE = 32
]]></system-out>
  </testcase>
  <testcase name="findByUsernameAndPass" classname="by.epam.project.service.UserServiceTest" time="0.003">
    <failure message="Index: 0, Size: 0" type="java.lang.IndexOutOfBoundsException">java.lang.IndexOutOfBoundsException: Index: 0, Size: 0
	at by.epam.project.service.UserServiceTest.findByUsernameAndPass(UserServiceTest.java:46)
</failure>
    <system-out><![CDATA[[DEBUG] 09:00.637 [main] by.epam.project.connection.ConnectionPool 117 - Available connections = 29
[DEBUG] 09:00.638 [main] by.epam.project.connection.ConnectionPool 118 - Used connections = 3
[DEBUG] 09:00.638 [main] by.epam.project.connection.ConnectionPool 119 - MAX_POOL_SIZE = 32
]]></system-out>
  </testcase>
  <testcase name="testFindById" classname="by.epam.project.service.UserServiceTest" time="0.004"/>
  <testcase name="testFindById" classname="by.epam.project.service.UserServiceTest" time="0.006"/>
  <testcase name="testFindById" classname="by.epam.project.service.UserServiceTest" time="0.012"/>
  <testcase name="testFindUserByEmailAndPassword" classname="by.epam.project.service.UserServiceTest" time="0.022"/>
</testsuite>