<?xml version="1.0" encoding="UTF-8"?>
<!-- Generated by org.testng.reporters.JUnitReportReporter -->
<testsuite name="by.epam.project.connection.ConnectionPoolTest" tests="1" time="2.478" ignored="0" failures="0" timestamp="17 фев 2020 15:09:01 GMT" skipped="0" hostname="DESKTOP-VKVI7U2" errors="0">
  <testcase name="testCheckPoolSize" time="2.478" classname="by.epam.project.connection.ConnectionPoolTest"/>
</testsuite> <!-- by.epam.project.connection.ConnectionPoolTest -->
