<?xml version="1.0" encoding="UTF-8"?>
<!-- Generated by org.testng.reporters.JUnitReportReporter -->
<testsuite name="by.epam.project.service.TicketServiceTest" tests="1" time="0.020" ignored="0" failures="0" timestamp="17 фев 2020 15:09:00 GMT" skipped="0" hostname="DESKTOP-VKVI7U2" errors="1">
  <testcase name="testFindOrderById" time="0.020" classname="by.epam.project.service.TicketServiceTest">
    <error type="by.epam.project.exception.ServiceException" message="by.epam.project.exception.DaoException: by.epam.project.exception.ServiceException: by.epam.project.exception.DaoException: java.sql.SQLSyntaxErrorException: You have an error in your SQL syntax; check the manual that corresponds to your MySQL server version for the right syntax to use near &#039;order WHERE order_id=1&#039; at line 1">
      <![CDATA[by.epam.project.exception.ServiceException: by.epam.project.exception.DaoException: by.epam.project.exception.ServiceException: by.epam.project.exception.DaoException: java.sql.SQLSyntaxErrorException: You have an error in your SQL syntax; check the manual that corresponds to your MySQL server version for the right syntax to use near 'order WHERE order_id=1' at line 1
	at by.epam.project.service.impl.TicketServiceImpl.findTicketById(TicketServiceImpl.java:68)
	at by.epam.project.service.TicketServiceTest.testFindOrderById(TicketServiceTest.java:27)
	at sun.reflect.NativeMethodAccessorImpl.invoke0(Native Method)
	at sun.reflect.NativeMethodAccessorImpl.invoke(NativeMethodAccessorImpl.java:62)
	at sun.reflect.DelegatingMethodAccessorImpl.invoke(DelegatingMethodAccessorImpl.java:43)
	at java.lang.reflect.Method.invoke(Method.java:498)
	at org.testng.internal.MethodInvocationHelper.invokeMethod(MethodInvocationHelper.java:104)
	at org.testng.internal.Invoker.invokeMethod(Invoker.java:645)
	at org.testng.internal.Invoker.invokeTestMethod(Invoker.java:851)
	at org.testng.internal.Invoker.invokeTestMethods(Invoker.java:1177)
	at org.testng.internal.TestMethodWorker.invokeTestMethods(TestMethodWorker.java:129)
	at org.testng.internal.TestMethodWorker.run(TestMethodWorker.java:112)
	at org.testng.TestRunner.privateRun(TestRunner.java:756)
	at org.testng.TestRunner.run(TestRunner.java:610)
	at org.testng.SuiteRunner.runTest(SuiteRunner.java:387)
	at org.testng.SuiteRunner.runSequentially(SuiteRunner.java:382)
	at org.testng.SuiteRunner.privateRun(SuiteRunner.java:340)
	at org.testng.SuiteRunner.run(SuiteRunner.java:289)
	at org.testng.SuiteRunnerWorker.runSuite(SuiteRunnerWorker.java:52)
	at org.testng.SuiteRunnerWorker.run(SuiteRunnerWorker.java:86)
	at org.testng.TestNG.runSuitesSequentially(TestNG.java:1293)
	at org.testng.TestNG.runSuitesLocally(TestNG.java:1218)
	at org.testng.TestNG.runSuites(TestNG.java:1133)
	at org.testng.TestNG.run(TestNG.java:1104)
	at org.apache.maven.surefire.testng.TestNGExecutor.run(TestNGExecutor.java:135)
	at org.apache.maven.surefire.testng.TestNGDirectoryTestSuite.executeMulti(TestNGDirectoryTestSuite.java:193)
	at org.apache.maven.surefire.testng.TestNGDirectoryTestSuite.execute(TestNGDirectoryTestSuite.java:94)
	at org.apache.maven.surefire.testng.TestNGProvider.invoke(TestNGProvider.java:146)
	at org.apache.maven.surefire.booter.ForkedBooter.invokeProviderInSameClassLoader(ForkedBooter.java:384)
	at org.apache.maven.surefire.booter.ForkedBooter.runSuitesInProcess(ForkedBooter.java:345)
	at org.apache.maven.surefire.booter.ForkedBooter.execute(ForkedBooter.java:126)
	at org.apache.maven.surefire.booter.ForkedBooter.main(ForkedBooter.java:418)
Caused by: by.epam.project.exception.DaoException: by.epam.project.exception.ServiceException: by.epam.project.exception.DaoException: java.sql.SQLSyntaxErrorException: You have an error in your SQL syntax; check the manual that corresponds to your MySQL server version for the right syntax to use near 'order WHERE order_id=1' at line 1
	at by.epam.project.dao.impl.TicketDaoImpl.findById(TicketDaoImpl.java:166)
	at by.epam.project.dao.impl.TicketDaoImpl.findById(TicketDaoImpl.java:14)
	at by.epam.project.service.impl.TicketServiceImpl.findTicketById(TicketServiceImpl.java:66)
	... 31 more
Caused by: by.epam.project.exception.ServiceException: by.epam.project.exception.DaoException: java.sql.SQLSyntaxErrorException: You have an error in your SQL syntax; check the manual that corresponds to your MySQL server version for the right syntax to use near 'order WHERE order_id=1' at line 1
	at by.epam.project.service.impl.OrderServiceImpl.findOrderById(OrderServiceImpl.java:79)
	at by.epam.project.dao.impl.TicketDaoImpl.findOrderById(TicketDaoImpl.java:57)
	at by.epam.project.dao.impl.TicketDaoImpl.findById(TicketDaoImpl.java:158)
	... 33 more
Caused by: by.epam.project.exception.DaoException: java.sql.SQLSyntaxErrorException: You have an error in your SQL syntax; check the manual that corresponds to your MySQL server version for the right syntax to use near 'order WHERE order_id=1' at line 1
	at by.epam.project.dao.impl.OrderDaoImpl.findById(OrderDaoImpl.java:227)
	at by.epam.project.dao.impl.OrderDaoImpl.findById(OrderDaoImpl.java:24)
	at by.epam.project.service.impl.OrderServiceImpl.findOrderById(OrderServiceImpl.java:77)
	... 35 more
Caused by: java.sql.SQLSyntaxErrorException: You have an error in your SQL syntax; check the manual that corresponds to your MySQL server version for the right syntax to use near 'order WHERE order_id=1' at line 1
	at com.mysql.cj.jdbc.exceptions.SQLError.createSQLException(SQLError.java:120)
	at com.mysql.cj.jdbc.exceptions.SQLError.createSQLException(SQLError.java:97)
	at com.mysql.cj.jdbc.exceptions.SQLExceptionsMapping.translateException(SQLExceptionsMapping.java:122)
	at com.mysql.cj.jdbc.ClientPreparedStatement.executeInternal(ClientPreparedStatement.java:953)
	at com.mysql.cj.jdbc.ClientPreparedStatement.executeQuery(ClientPreparedStatement.java:1003)
	at by.epam.project.dao.impl.OrderDaoImpl.findById(OrderDaoImpl.java:211)
	... 37 more
]]>
    </error>
  </testcase> <!-- testFindOrderById -->
</testsuite> <!-- by.epam.project.service.TicketServiceTest -->
