<?xml version="1.0" encoding="UTF-8"?>
<!-- Generated by org.testng.reporters.JUnitReportReporter -->
<testsuite name="by.epam.project.RegistrationTest" tests="8" time="0.000" ignored="0" failures="0" timestamp="17 фев 2020 15:09:00 GMT" skipped="0" hostname="DESKTOP-VKVI7U2" errors="0">
  <testcase name="validationUsernameTest" time="0.000" classname="by.epam.project.RegistrationTest"/>
  <testcase name="validationPasswordTest" time="0.000" classname="by.epam.project.RegistrationTest"/>
  <testcase name="validationUsernameTest" time="0.000" classname="by.epam.project.RegistrationTest"/>
  <testcase name="validationUsernameTest" time="0.000" classname="by.epam.project.RegistrationTest"/>
  <testcase name="validationUsernameTest" time="0.000" classname="by.epam.project.RegistrationTest"/>
  <testcase name="validationPasswordTest" time="0.000" classname="by.epam.project.RegistrationTest"/>
  <testcase name="validationPasswordTest" time="0.000" classname="by.epam.project.RegistrationTest"/>
  <testcase name="validationPasswordTest" time="0.000" classname="by.epam.project.RegistrationTest"/>
</testsuite> <!-- by.epam.project.RegistrationTest -->
