<?xml version="1.0" encoding="UTF-8"?>
<!-- Generated by org.testng.reporters.JUnitReportReporter -->
<testsuite name="by.epam.project.service.UserCommentServiceTest" tests="1" time="0.012" ignored="0" failures="0" timestamp="17 фев 2020 15:09:00 GMT" skipped="0" hostname="DESKTOP-VKVI7U2" errors="0">
  <testcase name="testServiceFindUserCommentsById" time="0.012" classname="by.epam.project.service.UserCommentServiceTest"/>
</testsuite> <!-- by.epam.project.service.UserCommentServiceTest -->
